<?xml version="1.0" encoding="UTF-8"?>
<coverage generated="1786801988357" clover="3.2.0">
  <project timestamp="1786801988357" name="All files">
    <metrics statements="18" coveredstatements="18" conditionals="8" coveredconditionals="5" methods="9" coveredmethods="9" elements="35" coveredelements="32" complexity="0" loc="18" ncloc="18" packages="2" files="2" classes="2"/>
    <package name="models">
      <metrics statements="6" coveredstatements="6" conditionals="2" coveredconditionals="0" methods="3" coveredmethods="3"/>
      <file name="taskModel.js" path="C:\Users\2422349\Desktop\taskbridge-api\taskbridge-api\src\models\taskModel.js">
        <metrics statements="6" coveredstatements="6" conditionals="2" coveredconditionals="0" methods="3" coveredmethods="3"/>
        <line num="4" count="5" type="stmt"/>
        <line num="5" count="5" type="stmt"/>
        <line num="6" count="5" type="stmt"/>
        <line num="7" count="5" type="stmt"/>
        <line num="11" count="1" type="stmt"/>
        <line num="15" count="1" type="stmt"/>
      </file>
    </package>
    <package name="services">
      <metrics statements="12" coveredstatements="12" conditionals="6" coveredconditionals="5" methods="6" coveredmethods="6"/>
      <file name="taskService.js" path="C:\Users\2422349\Desktop\taskbridge-api\taskbridge-api\src\services\taskService.js">
        <metrics statements="12" coveredstatements="12" conditionals="6" coveredconditionals="5" methods="6" coveredmethods="6"/>
        <line num="7" count="2" type="stmt"/>
        <line num="11" count="5" type="stmt"/>
        <line num="12" count="5" type="stmt"/>
        <line num="13" count="5" type="stmt"/>
        <line num="14" count="5" type="stmt"/>
        <line num="18" count="3" type="cond" truecount="2" falsecount="0"/>
        <line num="22" count="2" type="stmt"/>
        <line num="26" count="2" type="stmt"/>
        <line num="27" count="2" type="cond" truecount="2" falsecount="0"/>
        <line num="28" count="1" type="stmt"/>
        <line num="29" count="1" type="stmt"/>
        <line num="33" count="2" type="stmt"/>
      </file>
    </package>
  </project>
</coverage>
