{"C:\\Users\\2422349\\Desktop\\taskbridge-api\\taskbridge-api\\src\\models\\taskModel.js": {"path":"C:\\Users\\2422349\\Desktop\\taskbridge-api\\taskbridge-api\\src\\models\\taskModel.js","statementMap":{"0":{"start":{"line":4,"column":4},"end":{"line":4,"column":17}},"1":{"start":{"line":5,"column":4},"end":{"line":5,"column":23}},"2":{"start":{"line":6,"column":4},"end":{"line":6,"column":35}},"3":{"start":{"line":7,"column":4},"end":{"line":7,"column":31}},"4":{"start":{"line":11,"column":4},"end":{"line":11,"column":26}},"5":{"start":{"line":15,"column":4},"end":{"line":20,"column":6}}},"fnMap":{"0":{"name":"(anonymous_0)","decl":{"start":{"line":3,"column":2},"end":{"line":3,"column":3}},"loc":{"start":{"line":3,"column":66},"end":{"line":8,"column":3}},"line":3},"1":{"name":"(anonymous_1)","decl":{"start":{"line":10,"column":2},"end":{"line":10,"column":3}},"loc":{"start":{"line":10,"column":18},"end":{"line":12,"column":3}},"line":10},"2":{"name":"(anonymous_2)","decl":{"start":{"line":14,"column":2},"end":{"line":14,"column":3}},"loc":{"start":{"line":14,"column":11},"end":{"line":21,"column":3}},"line":14}},"branchMap":{"0":{"loc":{"start":{"line":3,"column":27},"end":{"line":3,"column":43}},"type":"default-arg","locations":[{"start":{"line":3,"column":41},"end":{"line":3,"column":43}}],"line":3},"1":{"loc":{"start":{"line":3,"column":45},"end":{"line":3,"column":62}},"type":"default-arg","locations":[{"start":{"line":3,"column":57},"end":{"line":3,"column":62}}],"line":3}},"s":{"0":5,"1":5,"2":5,"3":5,"4":1,"5":1},"f":{"0":5,"1":1,"2":1},"b":{"0":[0],"1":[0]},"_coverageSchema":"1a1c01bbd47fc00a2c39e90264f33305004495a9","hash":"d7feae5990cba93d184782b7579818599f7efbd7"}
,"C:\\Users\\2422349\\Desktop\\taskbridge-api\\taskbridge-api\\src\\services\\taskService.js": {"path":"C:\\Users\\2422349\\Desktop\\taskbridge-api\\taskbridge-api\\src\\services\\taskService.js","statementMap":{"0":{"start":{"line":7,"column":4},"end":{"line":7,"column":28}},"1":{"start":{"line":11,"column":15},"end":{"line":11,"column":23}},"2":{"start":{"line":12,"column":17},"end":{"line":12,"column":71}},"3":{"start":{"line":13,"column":4},"end":{"line":13,"column":30}},"4":{"start":{"line":14,"column":4},"end":{"line":14,"column":16}},"5":{"start":{"line":18,"column":4},"end":{"line":18,"column":39}},"6":{"start":{"line":22,"column":4},"end":{"line":22,"column":44}},"7":{"start":{"line":26,"column":17},"end":{"line":26,"column":36}},"8":{"start":{"line":27,"column":4},"end":{"line":27,"column":27}},"9":{"start":{"line":27,"column":15},"end":{"line":27,"column":27}},"10":{"start":{"line":28,"column":4},"end":{"line":28,"column":33}},"11":{"start":{"line":29,"column":4},"end":{"line":29,"column":16}},"12":{"start":{"line":33,"column":4},"end":{"line":33,"column":34}}},"fnMap":{"0":{"name":"(anonymous_0)","decl":{"start":{"line":6,"column":2},"end":{"line":6,"column":3}},"loc":{"start":{"line":6,"column":16},"end":{"line":8,"column":3}},"line":6},"1":{"name":"(anonymous_1)","decl":{"start":{"line":10,"column":2},"end":{"line":10,"column":3}},"loc":{"start":{"line":10,"column":38},"end":{"line":15,"column":3}},"line":10},"2":{"name":"(anonymous_2)","decl":{"start":{"line":17,"column":2},"end":{"line":17,"column":3}},"loc":{"start":{"line":17,"column":14},"end":{"line":19,"column":3}},"line":17},"3":{"name":"(anonymous_3)","decl":{"start":{"line":21,"column":2},"end":{"line":21,"column":3}},"loc":{"start":{"line":21,"column":14},"end":{"line":23,"column":3}},"line":21},"4":{"name":"(anonymous_4)","decl":{"start":{"line":25,"column":2},"end":{"line":25,"column":3}},"loc":{"start":{"line":25,"column":31},"end":{"line":30,"column":3}},"line":25},"5":{"name":"(anonymous_5)","decl":{"start":{"line":32,"column":2},"end":{"line":32,"column":3}},"loc":{"start":{"line":32,"column":17},"end":{"line":34,"column":3}},"line":32}},"branchMap":{"0":{"loc":{"start":{"line":10,"column":20},"end":{"line":10,"column":36}},"type":"default-arg","locations":[{"start":{"line":10,"column":34},"end":{"line":10,"column":36}}],"line":10},"1":{"loc":{"start":{"line":18,"column":11},"end":{"line":18,"column":38}},"type":"binary-expr","locations":[{"start":{"line":18,"column":11},"end":{"line":18,"column":30}},{"start":{"line":18,"column":34},"end":{"line":18,"column":38}}],"line":18},"2":{"loc":{"start":{"line":25,"column":17},"end":{"line":25,"column":29}},"type":"default-arg","locations":[{"start":{"line":25,"column":27},"end":{"line":25,"column":29}}],"line":25},"3":{"loc":{"start":{"line":27,"column":4},"end":{"line":27,"column":27}},"type":"if","locations":[{"start":{"line":27,"column":4},"end":{"line":27,"column":27}},{"start":{},"end":{}}],"line":27}},"s":{"0":2,"1":5,"2":5,"3":5,"4":5,"5":3,"6":2,"7":2,"8":2,"9":1,"10":1,"11":1,"12":2},"f":{"0":2,"1":5,"2":3,"3":2,"4":2,"5":2},"b":{"0":[2],"1":[3,2],"2":[0],"3":[1,1]},"_coverageSchema":"1a1c01bbd47fc00a2c39e90264f33305004495a9","hash":"6f908e6d80afcadf73663ad95a0224524ca1e674"}
}
