TN:
SF:src\models\taskModel.js
FN:3,(anonymous_0)
FN:10,(anonymous_1)
FN:14,(anonymous_2)
FNF:3
FNH:3
FNDA:5,(anonymous_0)
FNDA:1,(anonymous_1)
FNDA:1,(anonymous_2)
DA:4,5
DA:5,5
DA:6,5
DA:7,5
DA:11,1
DA:15,1
LF:6
LH:6
BRDA:3,0,0,0
BRDA:3,1,0,0
BRF:2
BRH:0
end_of_record
TN:
SF:src\services\taskService.js
FN:6,(anonymous_0)
FN:10,(anonymous_1)
FN:17,(anonymous_2)
FN:21,(anonymous_3)
FN:25,(anonymous_4)
FN:32,(anonymous_5)
FNF:6
FNH:6
FNDA:2,(anonymous_0)
FNDA:5,(anonymous_1)
FNDA:3,(anonymous_2)
FNDA:2,(anonymous_3)
FNDA:2,(anonymous_4)
FNDA:2,(anonymous_5)
DA:7,2
DA:11,5
DA:12,5
DA:13,5
DA:14,5
DA:18,3
DA:22,2
DA:26,2
DA:27,2
DA:28,1
DA:29,1
DA:33,2
LF:12
LH:12
BRDA:10,0,0,2
BRDA:18,1,0,3
BRDA:18,1,1,2
BRDA:25,2,0,0
BRDA:27,3,0,1
BRDA:27,3,1,1
BRF:6
BRH:5
end_of_record
